<?xml version="1.0" encoding="UTF-8"?>
<!-- Generated by org.testng.reporters.JUnitReportReporter -->
<testsuite hostname="LAPTOP-S0EPAC2L" failures="0" tests="1" name="otherprogram.Program2" time="0.010" errors="0" timestamp="2023-10-01T08:29:34 IST" skipped="0">
  <testcase classname="otherprogram.Program2" name="PlacementLogin" time="0.010"/>
</testsuite> <!-- otherprogram.Program2 -->
