<?xml version="1.0" encoding="UTF-8"?>
<!-- Generated by org.testng.reporters.JUnitReportReporter -->
<testsuite hostname="LAPTOP-S0EPAC2L" failures="0" tests="3" name="otherprogram.Priority" time="0.006" errors="0" timestamp="2023-09-28T12:15:26 IST" skipped="0">
  <testcase classname="otherprogram.Priority" name="LaunchBrowser" time="0.002"/>
  <testcase classname="otherprogram.Priority" name="Login" time="0.003"/>
  <testcase classname="otherprogram.Priority" name="CloseBrowser" time="0.001"/>
</testsuite> <!-- otherprogram.Priority -->
