<?xml version="1.0" encoding="UTF-8"?>
<!-- Generated by org.testng.reporters.JUnitReportReporter -->
<testsuite hostname="LAPTOP-S0EPAC2L" failures="0" tests="1" name="otherprogram.Scrool_Down_OpenWindow" time="15.533" errors="0" timestamp="2023-09-28T12:15:26 IST" skipped="0">
  <testcase classname="otherprogram.Scrool_Down_OpenWindow" name="Scrolldown" time="15.533"/>
</testsuite> <!-- otherprogram.Scrool_Down_OpenWindow -->
