<?xml version="1.0" encoding="UTF-8"?>
<!-- Generated by org.testng.reporters.JUnitReportReporter -->
<testsuite hostname="LAPTOP-S0EPAC2L" failures="0" tests="1" name="otherprogram.Va" time="34.418" errors="0" timestamp="2023-09-23T07:49:33 IST" skipped="0">
  <testcase classname="otherprogram.Va" name="v" time="34.418"/>
</testsuite> <!-- otherprogram.Va -->
