<?xml version="1.0" encoding="UTF-8"?>
<!-- Generated by org.testng.reporters.JUnitReportReporter -->
<testsuite hostname="LAPTOP-S0EPAC2L" failures="0" tests="1" name="HandlingNewTab" time="30.548" errors="0" timestamp="2023-09-26T13:05:00 IST" skipped="0">
  <testcase classname="HandlingNewTab" name="HandalingTab" time="30.548"/>
</testsuite> <!-- HandlingNewTab -->
