<?xml version="1.0" encoding="UTF-8"?>
<!-- Generated by org.testng.reporters.JUnitReportReporter -->
<testsuite hostname="LAPTOP-S0EPAC2L" failures="0" tests="3" name="otherprogram.DependsOnMethod" time="0.013" errors="0" timestamp="2023-09-28T12:15:26 IST" skipped="0">
  <testcase classname="otherprogram.DependsOnMethod" name="CloseBrowser" time="0.009"/>
  <testcase classname="otherprogram.DependsOnMethod" name="LaunchBrowser" time="0.002"/>
  <testcase classname="otherprogram.DependsOnMethod" name="Login" time="0.002"/>
</testsuite> <!-- otherprogram.DependsOnMethod -->
