<?xml version="1.0" encoding="UTF-8"?>
<!-- Generated by org.testng.reporters.JUnitReportReporter -->
<testsuite hostname="LAPTOP-S0EPAC2L" failures="0" tests="1" name="otherprogram.HandleNewTab" time="31.753" errors="0" timestamp="2023-09-28T12:15:26 IST" skipped="0">
  <testcase classname="otherprogram.HandleNewTab" name="HandalingTab" time="31.753"/>
</testsuite> <!-- otherprogram.HandleNewTab -->
