<?xml version="1.0" encoding="UTF-8"?>
<!-- Generated by org.testng.reporters.JUnitReportReporter -->
<testsuite hostname="LAPTOP-S0EPAC2L" failures="0" tests="1" name="otherprogram.Program3" time="0.004" errors="0" timestamp="2023-10-01T08:29:34 IST" skipped="0">
  <testcase classname="otherprogram.Program3" name="FacultyLogin" time="0.004"/>
</testsuite> <!-- otherprogram.Program3 -->
