<?xml version="1.0" encoding="UTF-8"?>
<!-- Generated by org.testng.reporters.JUnitReportReporter -->
<testsuite hostname="LAPTOP-S0EPAC2L" failures="0" tests="1" name="otherprogram.Program1" time="0.032" errors="0" timestamp="2023-10-01T08:29:34 IST" skipped="0">
  <testcase classname="otherprogram.Program1" name="AdmissionLogin" time="0.032"/>
</testsuite> <!-- otherprogram.Program1 -->
