<?xml version="1.0" encoding="UTF-8"?>
<!-- Generated by org.testng.reporters.JUnitReportReporter -->
<testsuite hostname="LAPTOP-S0EPAC2L" failures="0" tests="1" name="otherprogram.HandleWindows" time="33.195" errors="0" timestamp="2023-09-28T12:15:26 IST" skipped="0">
  <testcase classname="otherprogram.HandleWindows" name="handlingWindow" time="33.195"/>
</testsuite> <!-- otherprogram.HandleWindows -->
