<?xml version="1.0" encoding="UTF-8"?>
<!-- Generated by org.testng.reporters.JUnitReportReporter -->
<testsuite hostname="LAPTOP-S0EPAC2L" failures="0" tests="3" name="otherprogram.Enabled" time="0.014" errors="0" timestamp="2023-09-28T12:15:26 IST" skipped="2">
  <testcase classname="otherprogram.Enabled" name="Close" time="0.014"/>
  <testcase classname="otherprogram.Enabled" name="Login">
    <skipped/>
  </testcase> <!-- Login -->
  <testcase classname="otherprogram.Enabled" name="Launch">
    <skipped/>
  </testcase> <!-- Launch -->
</testsuite> <!-- otherprogram.Enabled -->
